Determining if the pthread_create exist failed with the following output:
Change Dir: /home/rudy-001/Relocalisation/build/CMakeFiles/CMakeTmp

Run Build Command:"/usr/bin/make" "cmTC_4868b/fast"
/usr/bin/make -f CMakeFiles/cmTC_4868b.dir/build.make CMakeFiles/cmTC_4868b.dir/build
make[1]: Entering directory '/home/rudy-001/Relocalisation/build/CMakeFiles/CMakeTmp'
Building C object CMakeFiles/cmTC_4868b.dir/CheckSymbolExists.c.o
/usr/bin/cc    -o CMakeFiles/cmTC_4868b.dir/CheckSymbolExists.c.o   -c /home/rudy-001/Relocalisation/build/CMakeFiles/CMakeTmp/CheckSymbolExists.c
Linking C executable cmTC_4868b
/usr/bin/cmake -E cmake_link_script CMakeFiles/cmTC_4868b.dir/link.txt --verbose=1
/usr/bin/cc      -rdynamic CMakeFiles/cmTC_4868b.dir/CheckSymbolExists.c.o  -o cmTC_4868b 
CMakeFiles/cmTC_4868b.dir/CheckSymbolExists.c.o: In function `main':
CheckSymbolExists.c:(.text+0x1b): undefined reference to `pthread_create'
collect2: error: ld returned 1 exit status
CMakeFiles/cmTC_4868b.dir/build.make:97: recipe for target 'cmTC_4868b' failed
make[1]: *** [cmTC_4868b] Error 1
make[1]: Leaving directory '/home/rudy-001/Relocalisation/build/CMakeFiles/CMakeTmp'
Makefile:126: recipe for target 'cmTC_4868b/fast' failed
make: *** [cmTC_4868b/fast] Error 2

File /home/rudy-001/Relocalisation/build/CMakeFiles/CMakeTmp/CheckSymbolExists.c:
/* */
#include <pthread.h>

int main(int argc, char** argv)
{
  (void)argv;
#ifndef pthread_create
  return ((int*)(&pthread_create))[argc];
#else
  (void)argc;
  return 0;
#endif
}

Determining if the function pthread_create exists in the pthreads failed with the following output:
Change Dir: /home/rudy-001/Relocalisation/build/CMakeFiles/CMakeTmp

Run Build Command:"/usr/bin/make" "cmTC_a0dcd/fast"
/usr/bin/make -f CMakeFiles/cmTC_a0dcd.dir/build.make CMakeFiles/cmTC_a0dcd.dir/build
make[1]: Entering directory '/home/rudy-001/Relocalisation/build/CMakeFiles/CMakeTmp'
Building C object CMakeFiles/cmTC_a0dcd.dir/CheckFunctionExists.c.o
/usr/bin/cc   -DCHECK_FUNCTION_EXISTS=pthread_create   -o CMakeFiles/cmTC_a0dcd.dir/CheckFunctionExists.c.o   -c /usr/share/cmake-3.10/Modules/CheckFunctionExists.c
Linking C executable cmTC_a0dcd
/usr/bin/cmake -E cmake_link_script CMakeFiles/cmTC_a0dcd.dir/link.txt --verbose=1
/usr/bin/cc  -DCHECK_FUNCTION_EXISTS=pthread_create    -rdynamic CMakeFiles/cmTC_a0dcd.dir/CheckFunctionExists.c.o  -o cmTC_a0dcd -lpthreads 
/usr/bin/ld: cannot find -lpthreads
collect2: error: ld returned 1 exit status
CMakeFiles/cmTC_a0dcd.dir/build.make:97: recipe for target 'cmTC_a0dcd' failed
make[1]: *** [cmTC_a0dcd] Error 1
make[1]: Leaving directory '/home/rudy-001/Relocalisation/build/CMakeFiles/CMakeTmp'
Makefile:126: recipe for target 'cmTC_a0dcd/fast' failed
make: *** [cmTC_a0dcd/fast] Error 2


